This is XeTeX, Version 3.14159265-2.6-0.999992 (TeX Live 2020/Debian) (preloaded format=xelatex 2021.1.21)  21 JAN 2021 21:47
entering extended mode
 restricted \write18 enabled.
 %&-line parsing enabled.
**dh.tex
(./dh.tex
LaTeX2e <2020-10-01> patch level 4
L3 programming layer <2021-01-09> xparse <2020-03-03>

! LaTeX Error: Missing \begin{document}.

See the LaTeX manual or LaTeX Companion for explanation.
Type  H <return>  for immediate help.
 ...                                              
                                                  
l.1 K
     raken - a Universal Text Recognizer for the Humanities
? X
 
Here is how much of TeX's memory you used:
 15 strings out of 477220
 408 string characters out of 5832722
 283973 words of memory out of 5000000
 19827 multiletter control sequences out of 15000+600000
 403430 words of font info for 27 fonts, out of 8000000 for 9000
 1348 hyphenation exceptions out of 8191
 13i,0n,15p,93b,14s stack positions out of 5000i,500n,10000p,200000b,80000s
No pages of output.
